2022/10/08 14:37:09 [notice] 1#1: using the "epoll" event method
2022/10/08 14:37:09 [notice] 1#1: nginx/1.23.1
2022/10/08 14:37:09 [notice] 1#1: built by gcc 10.2.1 20210110 (Debian 10.2.1-6) 
2022/10/08 14:37:09 [notice] 1#1: OS: Linux 5.10.47-linuxkit
2022/10/08 14:37:09 [notice] 1#1: getrlimit(RLIMIT_NOFILE): 1048576:1048576
2022/10/08 14:37:09 [notice] 1#1: start worker processes
2022/10/08 14:37:09 [notice] 1#1: start worker process 22
2022/10/08 14:37:09 [notice] 1#1: start worker process 23
2022/10/08 17:41:09 [notice] 1#1: signal 3 (SIGQUIT) received, shutting down
2022/10/08 17:41:09 [notice] 23#23: gracefully shutting down
2022/10/08 17:41:09 [notice] 22#22: gracefully shutting down
2022/10/08 17:41:09 [notice] 23#23: exiting
2022/10/08 17:41:09 [notice] 22#22: exiting
2022/10/08 17:41:09 [notice] 23#23: exit
2022/10/08 17:41:09 [notice] 22#22: exit
2022/10/08 17:41:09 [notice] 1#1: signal 17 (SIGCHLD) received from 22
2022/10/08 17:41:09 [notice] 1#1: worker process 22 exited with code 0
2022/10/08 17:41:09 [notice] 1#1: signal 29 (SIGIO) received
2022/10/08 17:41:09 [notice] 1#1: signal 17 (SIGCHLD) received from 23
2022/10/08 17:41:09 [notice] 1#1: worker process 23 exited with code 0
2022/10/08 17:41:09 [notice] 1#1: exit
